<?xml version="1.0" encoding="UTF-8"?>
<!-- Generated by org.testng.reporters.JUnitReportReporter -->
<testsuite hostname="Zubairs-Lenovo" failures="0" tests="1" name="com.inetBanking.testCases.TC_LoginTest_001" time="1.063" errors="0" timestamp="2022-07-18T00:37:36 EDT" skipped="0">
  <testcase classname="com.inetBanking.testCases.TC_LoginTest_001" name="loginTest" time="1.063"/>
  <system-out/>
</testsuite> <!-- com.inetBanking.testCases.TC_LoginTest_001 -->
